[20:54:52] [main/INFO]: Loading for game Minecraft 1.14.2
[20:54:53] [main/INFO]: [FabricLoader] Loading 26 mods: fabric-renderer-api-v1@0.1.0+02a46d5b, fabric-networking-blockentity-v0@0.1.1+25fd0c52, fabric-keybindings-v0@0.1.0+59147463, fabricloader@0.4.8+build.154, fabric-renderer-indigo@0.1.4+9ff0718a, fabric-containers-v0@0.1.2+25fd0c52, fabric-events-interaction-v0@0.1.0+59147463, fabric-crash-report-info-v1@0.1.0+59147463, fabric-api-base@0.1.0+59147463, fabric-rendering-v0@0.1.0+59147463, fabric-rendering-data-attachment-v1@0.1.0+02a46d5b, fabric-resource-loader-v0@0.1.1+59147463, fabric-textures-v0@0.1.4+792c1c35, fabric-content-registries-v0@0.1.1+45e1a1c8, fabric-tag-extensions-v0@0.1.0+59147463, fabric-rendering-fluids-v1@0.1.0+dc4c57c2, fabric-registry-sync-v0@0.2.1+4d26f9ba, fabric-commands-v0@0.1.1+25fd0c52, fabric-mining-levels-v0@0.1.0+59147463, fabric-events-lifecycle-v0@0.1.0+59147463, fabric@0.3.0+build.176, fabric-models-v0@0.1.0+59147463, fabric-item-groups-v0@0.1.0+59147463, fabric-object-builders-v0@0.1.1+9fe2f882, fabric-networking-v0@0.1.2+200eb5c2, raidim@${version}
[20:54:53] [main/WARN]: Mod `raidim` (${version}) does not respect SemVer - comparison support is limited.
[20:54:53] [main/INFO]: SpongePowered MIXIN Subsystem Version=0.7.11 Source=file:/home/billy/.gradle/caches/modules-2/files-2.1/net.fabricmc/sponge-mixin/0.7.11.36/b0d9944f2b77f1ce952a1179e595037332910a82/sponge-mixin-0.7.11.36.jar Service=Knot/Fabric Env=CLIENT
[20:54:53] [main/INFO]: Loaded Fabric development mappings for mixin remapper!
[20:54:53] [main/INFO]: Compatibility level set to JAVA_8
[20:54:53] [main/WARN]: Mixin config fabric-networking-v0.mixins.json does not specify "minVersion" property
[20:54:53] [main/WARN]: Mixin config fabric-networking-blockentity-v0.mixins.json does not specify "minVersion" property
[20:54:53] [main/WARN]: Mixin config fabric-resource-loader-v0.mixins.json does not specify "minVersion" property
[20:54:53] [main/WARN]: Mixin config fabric-mining-levels-v0.mixins.json does not specify "minVersion" property
[20:54:53] [main/WARN]: Mixin config fabric-containers-v0.mixins.json does not specify "minVersion" property
[20:54:53] [main/WARN]: Mixin config fabric-rendering-v0.mixins.json does not specify "minVersion" property
[20:54:53] [main/WARN]: Mixin config fabric-object-builders-v0.mixins.json does not specify "minVersion" property
[20:54:53] [main/WARN]: Mixin config fabric-renderer-indigo.mixins.json does not specify "minVersion" property
[20:54:53] [main/WARN]: Mixin config fabric-rendering-data-attachment-v1.mixins.json does not specify "minVersion" property
[20:54:53] [main/WARN]: Mixin config fabric-item-groups-v0.mixins.json does not specify "minVersion" property
[20:54:53] [main/WARN]: Mixin config fabric-events-interaction-v0.mixins.json does not specify "minVersion" property
[20:54:53] [main/WARN]: Mixin config fabric-content-registries-v0.mixins.json does not specify "minVersion" property
[20:54:53] [main/WARN]: Mixin config fabric-textures-v0.mixins.json does not specify "minVersion" property
[20:54:53] [main/WARN]: Mixin config fabric-registry-sync-v0.mixins.json does not specify "minVersion" property
[20:54:53] [main/WARN]: Mixin config fabric-models-v0.mixins.json does not specify "minVersion" property
[20:54:53] [main/WARN]: Mixin config fabric-keybindings-v0.mixins.json does not specify "minVersion" property
[20:54:53] [main/WARN]: Mixin config fabric-crash-report-info-v1.mixins.json does not specify "minVersion" property
[20:54:53] [main/WARN]: Mixin config fabric-renderer-api-v1.debughud.mixins.json does not specify "minVersion" property
[20:54:53] [main/WARN]: Mixin config fabric-containers-v0.accurate.mixins.json does not specify "minVersion" property
[20:54:53] [main/WARN]: Mixin config fabric-events-lifecycle-v0.mixins.json does not specify "minVersion" property
[20:54:53] [main/WARN]: Mixin config fabric-commands-v0.mixins.json does not specify "minVersion" property
[20:54:53] [main/WARN]: Mixin config raidim.mixins.json does not specify "minVersion" property
[20:54:53] [main/WARN]: Mixin config fabric-renderer-api-v1.mixins.json does not specify "minVersion" property
[20:54:53] [main/WARN]: Mixin config fabric-rendering-fluids-v1.mixins.json does not specify "minVersion" property
[20:54:53] [main/INFO]: Remapping refMap fabric-networking-v0-refmap.json using remapper chain
[20:54:53] [main/INFO]: Remapping refMap fabric-networking-blockentity-v0-refmap.json using remapper chain
[20:54:53] [main/INFO]: Remapping refMap fabric-resource-loader-v0-refmap.json using remapper chain
[20:54:53] [main/INFO]: Remapping refMap fabric-mining-levels-v0-refmap.json using remapper chain
[20:54:53] [main/INFO]: Remapping refMap fabric-containers-v0-refmap.json using remapper chain
[20:54:53] [main/INFO]: Remapping refMap fabric-rendering-v0-refmap.json using remapper chain
[20:54:53] [main/INFO]: Remapping refMap fabric-object-builders-v0-refmap.json using remapper chain
[20:54:53] [main/INFO]: Remapping refMap fabric-renderer-indigo-refmap.json using remapper chain
[20:54:53] [main/INFO]: Remapping refMap fabric-rendering-data-attachment-v1-refmap.json using remapper chain
[20:54:53] [main/INFO]: Remapping refMap fabric-item-groups-v0-refmap.json using remapper chain
[20:54:53] [main/INFO]: Remapping refMap fabric-events-interaction-v0-refmap.json using remapper chain
[20:54:53] [main/INFO]: Remapping refMap fabric-content-registries-v0-refmap.json using remapper chain
[20:54:53] [main/INFO]: Remapping refMap fabric-textures-v0-refmap.json using remapper chain
[20:54:53] [main/INFO]: Remapping refMap fabric-registry-sync-v0-refmap.json using remapper chain
[20:54:53] [main/INFO]: Remapping refMap fabric-models-v0-refmap.json using remapper chain
[20:54:53] [main/INFO]: Remapping refMap fabric-keybindings-v0-refmap.json using remapper chain
[20:54:53] [main/INFO]: Remapping refMap fabric-crash-report-info-v1-refmap.json using remapper chain
[20:54:53] [main/INFO]: Remapping refMap fabric-renderer-api-v1-refmap.json using remapper chain
[20:54:53] [main/INFO]: Remapping refMap fabric-containers-v0-refmap.json using remapper chain
[20:54:53] [main/INFO]: Remapping refMap fabric-events-lifecycle-v0-refmap.json using remapper chain
[20:54:53] [main/INFO]: Remapping refMap fabric-commands-v0-refmap.json using remapper chain
[20:54:53] [main/INFO]: Remapping refMap fabric-renderer-api-v1-refmap.json using remapper chain
[20:54:53] [main/INFO]: Remapping refMap fabric-rendering-fluids-v1-refmap.json using remapper chain
[20:54:54] [main/INFO]: Setting user: Player160
[20:54:58] [main/INFO]: [Indigo] Registering Indigo renderer!
[20:54:58] [main/WARN]: Skipping bad option: lastServer:
[20:54:58] [main/INFO]: LWJGL Version: 3.2.1 build 12
[20:55:02] [main/WARN]: ERROR : Couldn't load Narrator library : Unable to load library 'fliteWrapper': Can't obtain InputStream for linux-x86-64/libfliteWrapper.so
[20:55:02] [main/INFO]: Built for minecraft version 1.14.2
[20:55:06] [Realms Notification Availability checker #1/INFO]: Could not authorize you against Realms server: Invalid session id
[20:55:12] [Server-Worker-7/WARN]: Codepoint '1ed0' declared multiple times in minecraft:textures/font/accented.png
[20:55:15] [main/INFO]: OpenAL initialized.
[20:55:15] [main/INFO]: Sound engine started
[20:55:15] [main/INFO]: Created: 1024x512 textures-atlas
[20:55:16] [main/INFO]: Created: 256x256 textures/particle-atlas
[20:55:16] [main/INFO]: Created: 256x256 textures/painting-atlas
[20:55:16] [main/INFO]: Created: 256x128 textures/mob_effect-atlas
[20:55:20] [main/INFO]: Loading Fabric registry [file 1/4]
[20:55:21] [main/WARN]: Ambiguity between arguments [teleport, destination] and [teleport, targets] with inputs: [Player, 0123, @e, dd12be42-52a9-4a91-a8a1-11c01849e498]
[20:55:21] [main/WARN]: Ambiguity between arguments [teleport, location] and [teleport, destination] with inputs: [0.1 -0.5 .9, 0 0 0]
[20:55:21] [main/WARN]: Ambiguity between arguments [teleport, location] and [teleport, targets] with inputs: [0.1 -0.5 .9, 0 0 0]
[20:55:21] [main/WARN]: Ambiguity between arguments [teleport, targets] and [teleport, destination] with inputs: [Player, 0123, dd12be42-52a9-4a91-a8a1-11c01849e498]
[20:55:21] [main/WARN]: Ambiguity between arguments [teleport, targets, location] and [teleport, targets, destination] with inputs: [0.1 -0.5 .9, 0 0 0]
[20:55:21] [Server thread/INFO]: Starting integrated minecraft server version 1.14.2
[20:55:21] [Server thread/INFO]: Generating keypair
[20:55:21] [Server thread/INFO]: Loading Fabric registry [file 1/4]
[20:55:21] [Server thread/INFO]: Reloading ResourceManager: Default, fabric-mining-levels-v0
[20:55:22] [Server thread/INFO]: Loaded 6 recipes
[20:55:23] [Server thread/INFO]: Loaded 811 advancements
[20:55:23] [Server thread/INFO]: Preparing start region for dimension minecraft:overworld
[20:55:24] [main/INFO]: 准备生成区域中：0%
[20:55:24] [main/INFO]: 准备生成区域中：0%
[20:55:24] [main/INFO]: 准备生成区域中：0%
[20:55:25] [main/INFO]: 准备生成区域中：15%
[20:55:25] [main/INFO]: 准备生成区域中：85%
[20:55:25] [main/INFO]: Time elapsed: 2120 ms
[20:55:27] [Server thread/INFO]: Player160[local:E:ae8ef534] logged in with entity id 244 at (66.08212736437875, 75.46999763022617, -140.07310351551425)
[20:55:27] [Server thread/INFO]: Player160加入了游戏
[20:55:27] [Server thread/INFO]: Player160取得了进度[来硬的]
[20:55:28] [Server thread/INFO]: Saving and pausing game...
[20:55:28] [Server thread/INFO]: Saving chunks for level '新的世界'/minecraft:overworld
[20:55:28] [main/INFO]: [CHAT] Player160取得了进度[来硬的]
[20:55:28] [Server thread/INFO]: Saving chunks for level '新的世界'/minecraft:the_nether
[20:55:28] [Server thread/INFO]: Saving chunks for level '新的世界'/minecraft:the_end
[20:55:29] [main/INFO]: Loaded 87 advancements
[20:55:31] [Server thread/WARN]: Can't keep up! Is the server overloaded? Running 2074ms or 41 ticks behind
[20:55:55] [Server thread/INFO]: [Player160: 已将村庄英雄效果应用于Player160]
[20:55:55] [main/INFO]: [CHAT] 已将村庄英雄效果应用于Player160
[20:56:03] [Server thread/WARN]: Can't keep up! Is the server overloaded? Running 16595ms or 331 ticks behind
[20:56:03] [Server thread/INFO]: [Player160: 已移除Player160的所有效果]
[20:56:03] [main/INFO]: [CHAT] 已移除Player160的所有效果
[20:56:22] [Server thread/WARN]: Can't keep up! Is the server overloaded? Running 4017ms or 80 ticks behind
[20:57:27] [Server thread/WARN]: Can't keep up! Is the server overloaded? Running 2017ms or 40 ticks behind
[20:57:38] [Server thread/INFO]: Saving and pausing game...
[20:57:38] [Server thread/INFO]: Saving chunks for level '新的世界'/minecraft:overworld
[20:57:39] [Server thread/INFO]: Saving chunks for level '新的世界'/minecraft:the_nether
[20:57:39] [Server thread/INFO]: Saving chunks for level '新的世界'/minecraft:the_end
[20:57:39] [Server thread/INFO]: Player160 lost connection: 连接中止
[20:57:39] [Server thread/INFO]: Player160退出了游戏
[20:57:39] [Server thread/INFO]: Stopping singleplayer server as player logged out
[20:57:40] [Server thread/INFO]: Stopping server
[20:57:40] [Server thread/INFO]: Saving players
[20:57:40] [Server thread/INFO]: Saving worlds
[20:57:40] [Server thread/INFO]: Saving chunks for level '新的世界'/minecraft:overworld
[20:57:40] [Server thread/INFO]: ThreadedAnvilChunkStorage (新的世界 (1)): All chunks are saved
[20:57:40] [Server thread/INFO]: Saving chunks for level '新的世界'/minecraft:the_nether
[20:57:40] [Server thread/INFO]: ThreadedAnvilChunkStorage (DIM-1): All chunks are saved
[20:57:40] [Server thread/INFO]: Saving chunks for level '新的世界'/minecraft:the_end
[20:57:40] [Server thread/INFO]: ThreadedAnvilChunkStorage (DIM1): All chunks are saved
[20:57:40] [Server thread/INFO]: ThreadedAnvilChunkStorage (新的世界 (1)): All chunks are saved
[20:57:40] [Server thread/INFO]: ThreadedAnvilChunkStorage (DIM-1): All chunks are saved
[20:57:40] [Server thread/INFO]: ThreadedAnvilChunkStorage (DIM1): All chunks are saved
[20:57:40] [main/INFO]: Built for minecraft version 1.14.2
[20:57:42] [main/INFO]: Stopping!
